Arguments: 
  /Users/wczekalski/.fnm/node-versions/v18.4.0/installation/bin/node /Users/wczekalski/.yarn/bin/yarn.js add @ahrefs/bs-atdgen-codec-runtime

PATH: 
  /Users/wczekalski/.opam/default/bin:/Users/wczekalski/Downloads/google-cloud-sdk/bin:/Users/wczekalski/.pyenv/bin:/var/folders/yy/y_8hj76j7tz29kwjc6y23v980000gn/T/fnm_multishells/89026_1662115324673/bin:/Users/wczekalski/.fnm:/Users/wczekalski/.yarn/bin:/Users/wczekalski/.config/yarn/global/node_modules/.bin:/usr/local/bin:/usr/bin:/bin:/usr/sbin:/sbin:/opt/homebrew/bin:/Users/wczekalski/Library/Python/3.8/bin:/Applications/Wireshark.app/Contents/MacOS/

Yarn version: 
  1.22.5

Node version: 
  18.4.0

Platform: 
  darwin arm64

Trace: 
  Error: https://registry.yarnpkg.com/dialo-nix-shared: Not found
      at params.callback [as _callback] (/Users/wczekalski/.yarn/lib/cli.js:66988:18)
      at self.callback (/Users/wczekalski/.yarn/lib/cli.js:140749:22)
      at Request.emit (node:events:537:28)
      at Request.<anonymous> (/Users/wczekalski/.yarn/lib/cli.js:141721:10)
      at Request.emit (node:events:537:28)
      at IncomingMessage.<anonymous> (/Users/wczekalski/.yarn/lib/cli.js:141643:12)
      at Object.onceWrapper (node:events:651:28)
      at IncomingMessage.emit (node:events:549:35)
      at endReadableNT (node:internal/streams/readable:1359:12)
      at process.processTicksAndRejections (node:internal/process/task_queues:82:21)

npm manifest: 
  {
    "name": "ocaml-nix-demo",
    "license": "MIT",
    "dependencies": {
      "rescript": "^10.0.1",
      "dialo-nix-shared": "*"
    }
  }

yarn manifest: 
  No manifest

Lockfile: 
  # THIS IS AN AUTOGENERATED FILE. DO NOT EDIT THIS FILE DIRECTLY.
  # yarn lockfile v1
  
  
  rescript@^10.0.1:
    version "10.0.1"
    resolved "https://registry.yarnpkg.com/rescript/-/rescript-10.0.1.tgz#5b2da8a8bcfb994bed1eb24820bf10cfb9d8c440"
    integrity sha512-XwO1GPDtoEU4H03xQE5bp0/qtSVR6YLaJRPxWKrfFgKc+LI36ODOCie7o9UJfgzQdoMYkkZyiTGZ4N9OQEaiUw==
